<?xml version="1.0" encoding="UTF-8"?>
<!-- Generated by org.testng.reporters.JUnitReportReporter -->
<testsuite hostname="c190104" name="mobile.cases.PersonReg" tests="1" failures="0" timestamp="26 Feb 2016 12:40:12 GMT" time="107.812" errors="0">
  <testcase name="PersonReg11" time="107.812" classname="mobile.cases.PersonReg"/>
</testsuite> <!-- mobile.cases.PersonReg -->
