<?xml version="1.0" encoding="UTF-8"?>
<!-- Generated by org.testng.reporters.JUnitReportReporter -->
<testsuite hostname="c190104" name="mobile.cases.PersonReg" tests="1" failures="0" timestamp="17 Feb 2016 11:35:09 GMT" time="25.494" errors="0">
  <testcase name="PersonReg11" time="25.494" classname="mobile.cases.PersonReg"/>
</testsuite> <!-- mobile.cases.PersonReg -->
