<?xml version="1.0" encoding="UTF-8"?>
<!-- Generated by org.testng.reporters.JUnitReportReporter -->
<testsuite hostname="c190104" name="dffb_case.PersonReg" tests="1" failures="0" timestamp="4 Feb 2016 10:02:06 GMT" time="13.172" errors="0">
  <testcase name="personReg" time="13.172" classname="dffb_case.PersonReg"/>
</testsuite> <!-- dffb_case.PersonReg -->
