<?xml version="1.0" encoding="UTF-8"?>
<!-- Generated by org.testng.reporters.JUnitReportReporter -->
<testsuite hostname="c190104" name="mobile.cases.PersonReg" tests="1" failures="0" timestamp="1 Mar 2016 07:29:11 GMT" time="105.831" errors="0">
  <testcase name="PersonReg11" time="105.831" classname="mobile.cases.PersonReg"/>
</testsuite> <!-- mobile.cases.PersonReg -->
