<?xml version="1.0" encoding="UTF-8"?>
<!-- Generated by org.testng.reporters.JUnitReportReporter -->
<testsuite hostname="c190104" name="mobile.cases.BBBTest" tests="1" failures="0" timestamp="4 Feb 2016 11:19:48 GMT" time="13.394" errors="0">
  <testcase name="bbb" time="13.394" classname="mobile.cases.BBBTest"/>
</testsuite> <!-- mobile.cases.BBBTest -->
