<?xml version="1.0" encoding="UTF-8"?>
<!-- Generated by org.testng.reporters.JUnitReportReporter -->
<testsuite hostname="c190104" name="mobile.cases.NewTest" tests="1" failures="0" timestamp="4 Feb 2016 11:31:22 GMT" time="13.400" errors="0">
  <testcase name="f" time="13.400" classname="mobile.cases.NewTest"/>
</testsuite> <!-- mobile.cases.NewTest -->
