<?xml version="1.0" encoding="UTF-8"?>
<!-- Generated by org.testng.reporters.JUnitReportReporter -->
<testsuite hostname="c190104" name="mobile.cases.PersonReg1" tests="1" failures="0" timestamp="4 Feb 2016 11:49:10 GMT" time="13.507" errors="0">
  <testcase name="PersonReg11" time="13.507" classname="mobile.cases.PersonReg1"/>
</testsuite> <!-- mobile.cases.PersonReg1 -->
